projects/SlideMenuFramework/app/build/outputs/logs/manifest-merger-debug-report.txt
-- Merging decision tree log ---
manifest
ADDED from src/main/AndroidManifest.xml:2:1-57:12
	package
		ADDED from src/main/AndroidManifest.xml:3:5-45
		INJECTED from src/main/AndroidManifest.xml
		INJECTED from src/main/AndroidManifest.xml
	android:versionName
		ADDED from src/main/AndroidManifest.xml:5:5-30
	android:versionCode
		ADDED from src/main/AndroidManifest.xml:4:5-28
		INJECTED from src/main/AndroidManifest.xml
		INJECTED from src/main/AndroidManifest.xml
	xmlns:android
		ADDED from src/main/AndroidManifest.xml:2:11-69
uses-sdk
ADDED from src/main/AndroidManifest.xml:7:5-9:41
MERGED from [com.android.support:appcompat-v7:20.0.0] AndroidManifest.xml:16:5-42
MERGED from [com.android.support:support-v4:21.0.0] AndroidManifest.xml:15:5-42
MERGED from [com.google.android.gms:play-services:6.5.87] AndroidManifest.xml:18:5-42
MERGED from [com.android.support:support-v4:21.0.0] AndroidManifest.xml:15:5-42
	android:targetSdkVersion
		ADDED from src/main/AndroidManifest.xml:9:9-38
		INJECTED from src/main/AndroidManifest.xml
		INJECTED from src/main/AndroidManifest.xml
	android:minSdkVersion
		ADDED from src/main/AndroidManifest.xml:8:9-35
		INJECTED from src/main/AndroidManifest.xml
		INJECTED from src/main/AndroidManifest.xml
uses-permission#android.permission.ACCESS_NETWORK_STATE
ADDED from src/main/AndroidManifest.xml:11:5-79
	android:name
		ADDED from src/main/AndroidManifest.xml:11:22-76
uses-permission#android.permission.INTERNET
ADDED from src/main/AndroidManifest.xml:12:5-67
	android:name
		ADDED from src/main/AndroidManifest.xml:12:22-64
uses-permission#android.permission.ACCESS_COARSE_LOCATION
ADDED from src/main/AndroidManifest.xml:13:5-81
	android:name
		ADDED from src/main/AndroidManifest.xml:13:22-78
uses-permission#android.permission.ACCESS_FINE_LOCATION
ADDED from src/main/AndroidManifest.xml:14:5-79
	android:name
		ADDED from src/main/AndroidManifest.xml:14:22-76
uses-permission#android.permission.WRITE_EXTERNAL_STORAGE
ADDED from src/main/AndroidManifest.xml:15:5-81
	android:name
		ADDED from src/main/AndroidManifest.xml:15:22-78
uses-permission#android.permission.READ_PHONE_STATE
ADDED from src/main/AndroidManifest.xml:17:5-75
	android:name
		ADDED from src/main/AndroidManifest.xml:17:22-72
application
ADDED from src/main/AndroidManifest.xml:19:5-55:19
MERGED from [com.android.support:appcompat-v7:20.0.0] AndroidManifest.xml:17:5-19
MERGED from [com.android.support:support-v4:21.0.0] AndroidManifest.xml:16:5-19
MERGED from [com.google.android.gms:play-services:6.5.87] AndroidManifest.xml:20:5-24:19
MERGED from [com.android.support:support-v4:21.0.0] AndroidManifest.xml:16:5-19
	android:label
		ADDED from src/main/AndroidManifest.xml:23:9-41
	android:allowBackup
		ADDED from src/main/AndroidManifest.xml:21:9-35
	android:icon
		ADDED from src/main/AndroidManifest.xml:22:9-45
	android:theme
		ADDED from src/main/AndroidManifest.xml:24:9-40
	android:name
		ADDED from src/main/AndroidManifest.xml:20:9-70
activity#com.manish.view.activity.DerivedActivity
ADDED from src/main/AndroidManifest.xml:26:9-34:20
	android:label
		ADDED from src/main/AndroidManifest.xml:28:13-45
	android:name
		ADDED from src/main/AndroidManifest.xml:27:13-68
intent-filter#android.intent.action.MAIN+android.intent.category.LAUNCHER
ADDED from src/main/AndroidManifest.xml:29:13-33:29
action#android.intent.action.MAIN
ADDED from src/main/AndroidManifest.xml:30:17-69
	android:name
		ADDED from src/main/AndroidManifest.xml:30:25-66
category#android.intent.category.LAUNCHER
ADDED from src/main/AndroidManifest.xml:32:17-77
	android:name
		ADDED from src/main/AndroidManifest.xml:32:27-74
activity#com.manish.view.activity.DerivedActivityWithoutFragments
ADDED from src/main/AndroidManifest.xml:36:9-39:20
	android:label
		ADDED from src/main/AndroidManifest.xml:38:13-45
	android:name
		ADDED from src/main/AndroidManifest.xml:37:13-84
activity#com.manish.view.activity.AppMainActivity
ADDED from src/main/AndroidManifest.xml:41:9-44:20
	android:label
		ADDED from src/main/AndroidManifest.xml:43:13-45
	android:name
		ADDED from src/main/AndroidManifest.xml:42:13-68
meta-data#com.google.android.gms.version
ADDED from src/main/AndroidManifest.xml:46:9-48:69
MERGED from [com.google.android.gms:play-services:6.5.87] AndroidManifest.xml:21:9-23:69
	android:value
		ADDED from src/main/AndroidManifest.xml:48:13-66
	android:name
		ADDED from src/main/AndroidManifest.xml:47:13-58
activity#com.manish.Location.LocationHelperExample
ADDED from src/main/AndroidManifest.xml:50:9-53:20
	android:label
		ADDED from src/main/AndroidManifest.xml:52:13-75
	android:name
		ADDED from src/main/AndroidManifest.xml:51:13-69